18-06-28 15:11:40:Error at file[/home/vagrant/code/chating/App/WebSocket.php] line[9] message:[Declaration of App\WebSocket::encode(string $raw, $client, $commandBean): ?string must be compatible with EasySwoole\Core\Socket\AbstractInterface\ParserInterface::encode(string $raw, $client): ?string]
18-06-28 15:19:08:Error at file[/home/vagrant/code/chating/App/WebSocket/Chat.php] line[7] message:[Declaration of App\WebSocket\Chat::actionNotFound(?string $actionName) must be compatible with EasySwoole\Core\Http\AbstractInterface\Controller::actionNotFound($action): void]
18-06-28 15:27:49:Error at file[/home/vagrant/code/chating/App/WebSocket/Chat.php] line[7] message:[Declaration of App\WebSocket\Chat::actionNotFound(?string $actionName) must be compatible with EasySwoole\Core\Http\AbstractInterface\Controller::actionNotFound($action): void]
18-06-28 15:28:29:Error at file[/home/vagrant/code/chating/App/WebSocket/Chat.php] line[7] message:[Declaration of App\WebSocket\Chat::actionNotFound(?string $actionName) must be compatible with EasySwoole\Core\Http\AbstractInterface\Controller::actionNotFound($action): void]
18-06-28 15:28:47:Error at file[/home/vagrant/code/chating/App/WebSocket/Chat.php] line[7] message:[Declaration of App\WebSocket\Chat::actionNotFound(string $actionName) must be compatible with EasySwoole\Core\Http\AbstractInterface\Controller::actionNotFound($action): void]
18-06-28 15:28:50:Error at file[/home/vagrant/code/chating/App/WebSocket/Chat.php] line[7] message:[Declaration of App\WebSocket\Chat::actionNotFound(string $actionName) must be compatible with EasySwoole\Core\Http\AbstractInterface\Controller::actionNotFound($action): void]
18-06-28 15:28:51:Error at file[/home/vagrant/code/chating/App/WebSocket/Chat.php] line[7] message:[Declaration of App\WebSocket\Chat::actionNotFound(string $actionName) must be compatible with EasySwoole\Core\Http\AbstractInterface\Controller::actionNotFound($action): void]
18-06-28 15:52:08:Error at file[/home/vagrant/code/chating/App/WebSocket/Chat.php] line[7] message:[Declaration of App\WebSocket\Chat::actionNotFound(?string $actionName) must be compatible with EasySwoole\Core\Http\AbstractInterface\Controller::actionNotFound($action): void]
18-06-28 15:52:09:Error at file[/home/vagrant/code/chating/App/WebSocket/Chat.php] line[7] message:[Declaration of App\WebSocket\Chat::actionNotFound(?string $actionName) must be compatible with EasySwoole\Core\Http\AbstractInterface\Controller::actionNotFound($action): void]
18-06-28 15:52:10:Error at file[/home/vagrant/code/chating/App/WebSocket/Chat.php] line[7] message:[Declaration of App\WebSocket\Chat::actionNotFound(?string $actionName) must be compatible with EasySwoole\Core\Http\AbstractInterface\Controller::actionNotFound($action): void]
18-06-28 15:52:14:Error at file[/home/vagrant/code/chating/App/WebSocket/Chat.php] line[7] message:[Declaration of App\WebSocket\Chat::actionNotFound(?string $actionName) must be compatible with EasySwoole\Core\Http\AbstractInterface\Controller::actionNotFound($action): void]
18-06-28 17:07:23:Exception at file[/home/vagrant/code/chating/App/Helpers.php] line[37] message:[Call to undefined method EasySwoole\Core\Socket\Response::write()]
18-06-28 17:10:29:Exception at file[/home/vagrant/code/chating/App/Helpers.php] line[37] message:[Call to undefined method EasySwoole\Core\Component\Rpc\Common\ServiceResponse::write()]
18-06-28 17:13:45:Error at file[/home/vagrant/code/chating/vendor/easyswoole/easyswoole/src/Core/Component/Spl/SplStream.php] line[161] message:[fwrite() expects parameter 1 to be resource, integer given]
18-06-28 17:13:45:Exception at file[/home/vagrant/code/chating/vendor/easyswoole/easyswoole/src/Core/Component/Spl/SplStream.php] line[163] message:[Unable to write to stream]
18-06-28 17:17:34:Error at file[/home/vagrant/code/chating/vendor/easyswoole/easyswoole/src/Core/Component/Spl/SplStream.php] line[161] message:[fwrite() expects parameter 1 to be resource, integer given]
18-06-28 17:17:34:Exception at file[/home/vagrant/code/chating/vendor/easyswoole/easyswoole/src/Core/Component/Spl/SplStream.php] line[163] message:[Unable to write to stream]
18-06-28 17:18:09:Error at file[/home/vagrant/code/chating/vendor/easyswoole/easyswoole/src/Core/Component/Spl/SplStream.php] line[161] message:[fwrite() expects parameter 1 to be resource, integer given]
18-06-28 17:18:09:Exception at file[/home/vagrant/code/chating/vendor/easyswoole/easyswoole/src/Core/Component/Spl/SplStream.php] line[163] message:[Unable to write to stream]
18-06-28 17:19:22:Error at file[/home/vagrant/code/chating/vendor/easyswoole/easyswoole/src/Core/Component/Spl/SplStream.php] line[161] message:[fwrite() expects parameter 1 to be resource, integer given]
18-06-28 17:19:22:Exception at file[/home/vagrant/code/chating/vendor/easyswoole/easyswoole/src/Core/Component/Spl/SplStream.php] line[163] message:[Unable to write to stream]
18-06-28 17:19:40:Error at file[/home/vagrant/code/chating/vendor/easyswoole/easyswoole/src/Core/Component/Spl/SplStream.php] line[161] message:[fwrite() expects parameter 1 to be resource, integer given]
18-06-28 17:19:40:Exception at file[/home/vagrant/code/chating/vendor/easyswoole/easyswoole/src/Core/Component/Spl/SplStream.php] line[163] message:[Unable to write to stream]
18-06-28 17:19:57:Error at file[/home/vagrant/code/chating/vendor/easyswoole/easyswoole/src/Core/Component/Spl/SplStream.php] line[161] message:[fwrite() expects parameter 1 to be resource, integer given]
18-06-28 17:19:57:Exception at file[/home/vagrant/code/chating/vendor/easyswoole/easyswoole/src/Core/Component/Spl/SplStream.php] line[163] message:[Unable to write to stream]
18-06-28 17:55:31:Exception at file[/home/vagrant/code/chating/App/WebSocket.php] line[25] message:[syntax error, unexpected '{']
18-06-28 17:55:31:Error at file[/home/vagrant/code/chating/App/WebSocket.php] line[25] message:[syntax error, unexpected '{']
